mode: set
github.com/titlis/operator/internal/scorecard/config.go:23.52,26.16 3 1
github.com/titlis/operator/internal/scorecard/config.go:26.16,28.3 1 1
github.com/titlis/operator/internal/scorecard/config.go:29.2,30.51 2 1
github.com/titlis/operator/internal/scorecard/config.go:30.51,32.3 1 0
github.com/titlis/operator/internal/scorecard/config.go:33.2,33.37 1 1
github.com/titlis/operator/internal/scorecard/config.go:33.37,35.3 1 1
github.com/titlis/operator/internal/scorecard/config.go:36.2,36.12 1 1
github.com/titlis/operator/internal/scorecard/config.go:44.69,46.18 2 1
github.com/titlis/operator/internal/scorecard/config.go:46.18,48.3 1 0
github.com/titlis/operator/internal/scorecard/config.go:49.2,49.41 1 1
github.com/titlis/operator/internal/scorecard/config.go:52.54,53.33 1 1
github.com/titlis/operator/internal/scorecard/config.go:53.33,54.14 1 1
github.com/titlis/operator/internal/scorecard/config.go:54.14,56.4 1 1
github.com/titlis/operator/internal/scorecard/config.go:58.2,58.14 1 1
github.com/titlis/operator/internal/scorecard/config.go:61.57,63.2 1 1
github.com/titlis/operator/internal/scorecard/extractor.go:14.118,16.2 1 0
github.com/titlis/operator/internal/scorecard/extractor.go:19.79,21.2 1 0
github.com/titlis/operator/internal/scorecard/extractor.go:23.116,25.69 2 0
github.com/titlis/operator/internal/scorecard/extractor.go:25.69,27.3 1 0
github.com/titlis/operator/internal/scorecard/extractor.go:28.2,28.31 1 0
github.com/titlis/operator/internal/scorecard/extractor.go:28.31,30.57 2 0
github.com/titlis/operator/internal/scorecard/extractor.go:30.57,32.4 1 0
github.com/titlis/operator/internal/scorecard/extractor.go:34.2,34.12 1 0
github.com/titlis/operator/internal/scorecard/extractor.go:40.63,41.61 1 1
github.com/titlis/operator/internal/scorecard/extractor.go:41.61,43.3 1 1
github.com/titlis/operator/internal/scorecard/extractor.go:44.2,44.48 1 1
github.com/titlis/operator/internal/scorecard/extractor.go:47.82,51.17 2 0
github.com/titlis/operator/internal/scorecard/extractor.go:51.17,53.3 1 0
github.com/titlis/operator/internal/scorecard/extractor.go:54.2,54.28 1 0
github.com/titlis/operator/internal/scorecard/extractor.go:63.20,83.59 4 1
github.com/titlis/operator/internal/scorecard/extractor.go:83.59,85.3 1 1
github.com/titlis/operator/internal/scorecard/extractor.go:85.8,87.3 1 1
github.com/titlis/operator/internal/scorecard/extractor.go:89.2,89.33 1 1
github.com/titlis/operator/internal/scorecard/extractor.go:89.33,91.3 1 1
github.com/titlis/operator/internal/scorecard/extractor.go:91.8,93.3 1 0
github.com/titlis/operator/internal/scorecard/extractor.go:94.2,95.68 2 1
github.com/titlis/operator/internal/scorecard/extractor.go:95.68,97.3 1 0
github.com/titlis/operator/internal/scorecard/extractor.go:99.2,99.51 1 1
github.com/titlis/operator/internal/scorecard/extractor.go:99.51,107.45 8 1
github.com/titlis/operator/internal/scorecard/extractor.go:107.45,109.15 2 1
github.com/titlis/operator/internal/scorecard/extractor.go:109.15,111.5 1 1
github.com/titlis/operator/internal/scorecard/extractor.go:113.3,116.17 3 1
github.com/titlis/operator/internal/scorecard/extractor.go:116.17,117.41 1 0
github.com/titlis/operator/internal/scorecard/extractor.go:117.41,119.5 1 0
github.com/titlis/operator/internal/scorecard/extractor.go:120.4,120.31 1 0
github.com/titlis/operator/internal/scorecard/extractor.go:120.31,122.5 1 0
github.com/titlis/operator/internal/scorecard/extractor.go:124.4,125.31 2 0
github.com/titlis/operator/internal/scorecard/extractor.go:125.31,127.5 1 0
github.com/titlis/operator/internal/scorecard/extractor.go:128.9,130.4 1 1
github.com/titlis/operator/internal/scorecard/extractor.go:133.2,136.16 3 1
github.com/titlis/operator/internal/scorecard/extractor.go:136.16,139.34 3 0
github.com/titlis/operator/internal/scorecard/extractor.go:139.34,141.4 1 0
github.com/titlis/operator/internal/scorecard/extractor.go:141.9,143.4 1 0
github.com/titlis/operator/internal/scorecard/extractor.go:144.3,144.38 1 0
github.com/titlis/operator/internal/scorecard/extractor.go:144.38,148.49 1 0
github.com/titlis/operator/internal/scorecard/extractor.go:148.49,150.10 2 0
github.com/titlis/operator/internal/scorecard/extractor.go:153.3,153.31 1 0
github.com/titlis/operator/internal/scorecard/extractor.go:153.31,155.65 1 0
github.com/titlis/operator/internal/scorecard/extractor.go:155.65,157.5 1 0
github.com/titlis/operator/internal/scorecard/extractor.go:158.4,159.67 1 0
github.com/titlis/operator/internal/scorecard/extractor.go:159.67,161.5 1 0
github.com/titlis/operator/internal/scorecard/extractor.go:162.4,164.50 3 0
github.com/titlis/operator/internal/scorecard/extractor.go:168.2,168.13 1 1
