mode: set
github.com/titlis/operator/internal/notification/buffer.go:18.74,25.2 1 1
github.com/titlis/operator/internal/notification/buffer.go:29.96,34.30 3 1
github.com/titlis/operator/internal/notification/buffer.go:34.30,36.3 1 1
github.com/titlis/operator/internal/notification/buffer.go:38.2,40.90 2 1
github.com/titlis/operator/internal/notification/buffer.go:40.90,45.3 4 1
github.com/titlis/operator/internal/notification/buffer.go:46.2,46.12 1 1
github.com/titlis/operator/internal/servicedef/github.go:12.110,14.16 2 0
github.com/titlis/operator/internal/servicedef/github.go:14.16,16.3 1 0
github.com/titlis/operator/internal/servicedef/github.go:18.2,20.16 3 0
github.com/titlis/operator/internal/servicedef/github.go:20.16,22.3 1 0
github.com/titlis/operator/internal/servicedef/github.go:23.2,28.16 5 0
github.com/titlis/operator/internal/servicedef/github.go:28.16,30.3 1 0
github.com/titlis/operator/internal/servicedef/github.go:31.2,33.44 2 0
github.com/titlis/operator/internal/servicedef/github.go:33.44,35.3 1 0
github.com/titlis/operator/internal/servicedef/github.go:36.2,36.38 1 0
github.com/titlis/operator/internal/servicedef/github.go:36.38,38.3 1 0
github.com/titlis/operator/internal/servicedef/github.go:40.2,41.16 2 0
github.com/titlis/operator/internal/servicedef/github.go:41.16,43.3 1 0
github.com/titlis/operator/internal/servicedef/github.go:44.2,44.26 1 0
github.com/titlis/operator/internal/servicedef/github.go:47.70,52.57 5 0
github.com/titlis/operator/internal/servicedef/github.go:52.57,54.3 1 0
github.com/titlis/operator/internal/servicedef/github.go:55.2,55.60 1 0
github.com/titlis/operator/internal/servicedef/syncer.go:57.84,63.2 1 0
github.com/titlis/operator/internal/servicedef/syncer.go:65.74,66.19 1 0
github.com/titlis/operator/internal/servicedef/syncer.go:66.19,68.3 1 0
github.com/titlis/operator/internal/servicedef/syncer.go:70.2,73.16 3 0
github.com/titlis/operator/internal/servicedef/syncer.go:73.16,76.3 2 0
github.com/titlis/operator/internal/servicedef/syncer.go:77.2,77.17 1 0
github.com/titlis/operator/internal/servicedef/syncer.go:77.17,80.3 2 0
github.com/titlis/operator/internal/servicedef/syncer.go:82.2,83.16 2 0
github.com/titlis/operator/internal/servicedef/syncer.go:83.16,86.3 2 0
github.com/titlis/operator/internal/servicedef/syncer.go:87.2,87.19 1 0
github.com/titlis/operator/internal/servicedef/syncer.go:87.19,90.3 2 0
github.com/titlis/operator/internal/servicedef/syncer.go:92.2,93.16 2 0
github.com/titlis/operator/internal/servicedef/syncer.go:93.16,96.3 2 0
github.com/titlis/operator/internal/servicedef/syncer.go:97.2,97.25 1 0
github.com/titlis/operator/internal/servicedef/syncer.go:97.25,100.3 2 0
github.com/titlis/operator/internal/servicedef/syncer.go:102.2,103.23 2 0
github.com/titlis/operator/internal/servicedef/syncer.go:103.23,105.3 1 0
github.com/titlis/operator/internal/servicedef/syncer.go:107.2,108.25 2 0
github.com/titlis/operator/internal/servicedef/syncer.go:108.25,110.3 1 0
github.com/titlis/operator/internal/servicedef/syncer.go:112.2,122.89 2 0
github.com/titlis/operator/internal/servicedef/syncer.go:125.57,127.58 2 0
github.com/titlis/operator/internal/servicedef/syncer.go:127.58,129.3 1 0
github.com/titlis/operator/internal/servicedef/syncer.go:130.2,130.18 1 0
github.com/titlis/operator/internal/servicedef/github.go:12.110,14.16 2 0
github.com/titlis/operator/internal/servicedef/github.go:14.16,16.3 1 0
github.com/titlis/operator/internal/servicedef/github.go:18.2,20.16 3 0
github.com/titlis/operator/internal/servicedef/github.go:20.16,22.3 1 0
github.com/titlis/operator/internal/servicedef/github.go:23.2,28.16 5 0
github.com/titlis/operator/internal/servicedef/github.go:28.16,30.3 1 0
github.com/titlis/operator/internal/servicedef/github.go:31.2,33.44 2 0
github.com/titlis/operator/internal/servicedef/github.go:33.44,35.3 1 0
github.com/titlis/operator/internal/servicedef/github.go:36.2,36.38 1 0
github.com/titlis/operator/internal/servicedef/github.go:36.38,38.3 1 0
github.com/titlis/operator/internal/servicedef/github.go:40.2,41.16 2 0
github.com/titlis/operator/internal/servicedef/github.go:41.16,43.3 1 0
github.com/titlis/operator/internal/servicedef/github.go:44.2,44.26 1 0
github.com/titlis/operator/internal/servicedef/github.go:47.70,52.57 5 0
github.com/titlis/operator/internal/servicedef/github.go:52.57,54.3 1 0
github.com/titlis/operator/internal/servicedef/github.go:55.2,55.60 1 0
github.com/titlis/operator/internal/servicedef/syncer.go:57.84,63.2 1 0
github.com/titlis/operator/internal/servicedef/syncer.go:65.74,66.19 1 0
github.com/titlis/operator/internal/servicedef/syncer.go:66.19,68.3 1 0
github.com/titlis/operator/internal/servicedef/syncer.go:70.2,73.16 3 0
github.com/titlis/operator/internal/servicedef/syncer.go:73.16,76.3 2 0
github.com/titlis/operator/internal/servicedef/syncer.go:77.2,77.17 1 0
github.com/titlis/operator/internal/servicedef/syncer.go:77.17,80.3 2 0
github.com/titlis/operator/internal/servicedef/syncer.go:82.2,83.16 2 0
github.com/titlis/operator/internal/servicedef/syncer.go:83.16,86.3 2 0
github.com/titlis/operator/internal/servicedef/syncer.go:87.2,87.19 1 0
github.com/titlis/operator/internal/servicedef/syncer.go:87.19,90.3 2 0
github.com/titlis/operator/internal/servicedef/syncer.go:92.2,93.16 2 0
github.com/titlis/operator/internal/servicedef/syncer.go:93.16,96.3 2 0
github.com/titlis/operator/internal/servicedef/syncer.go:97.2,97.25 1 0
github.com/titlis/operator/internal/servicedef/syncer.go:97.25,100.3 2 0
github.com/titlis/operator/internal/servicedef/syncer.go:102.2,103.23 2 0
github.com/titlis/operator/internal/servicedef/syncer.go:103.23,105.3 1 0
github.com/titlis/operator/internal/servicedef/syncer.go:107.2,108.25 2 0
github.com/titlis/operator/internal/servicedef/syncer.go:108.25,110.3 1 0
github.com/titlis/operator/internal/servicedef/syncer.go:112.2,122.89 2 0
github.com/titlis/operator/internal/servicedef/syncer.go:125.57,127.58 2 0
github.com/titlis/operator/internal/servicedef/syncer.go:127.58,129.3 1 0
github.com/titlis/operator/internal/servicedef/syncer.go:130.2,130.18 1 0
github.com/titlis/operator/internal/slo/service.go:36.97,38.2 1 1
github.com/titlis/operator/internal/slo/service.go:40.116,48.68 5 1
github.com/titlis/operator/internal/slo/service.go:48.68,50.36 2 1
github.com/titlis/operator/internal/slo/service.go:50.36,53.4 2 1
github.com/titlis/operator/internal/slo/service.go:54.3,54.126 1 0
github.com/titlis/operator/internal/slo/service.go:58.2,59.35 2 1
github.com/titlis/operator/internal/slo/service.go:59.35,62.3 2 1
github.com/titlis/operator/internal/slo/service.go:65.2,65.41 1 1
github.com/titlis/operator/internal/slo/service.go:65.41,67.17 2 1
github.com/titlis/operator/internal/slo/service.go:67.17,74.4 3 1
github.com/titlis/operator/internal/slo/service.go:77.2,81.16 4 1
github.com/titlis/operator/internal/slo/service.go:81.16,83.3 1 1
github.com/titlis/operator/internal/slo/service.go:85.2,91.8 2 1
github.com/titlis/operator/internal/slo/service.go:95.83,101.110 3 1
github.com/titlis/operator/internal/slo/service.go:101.110,103.3 1 0
github.com/titlis/operator/internal/slo/service.go:105.2,105.17 1 1
github.com/titlis/operator/internal/slo/service.go:105.17,109.35 3 1
github.com/titlis/operator/internal/slo/service.go:109.35,110.52 1 1
github.com/titlis/operator/internal/slo/service.go:110.52,112.5 1 1
github.com/titlis/operator/internal/slo/service.go:114.3,116.73 3 1
github.com/titlis/operator/internal/slo/service.go:116.73,118.4 1 0
github.com/titlis/operator/internal/slo/service.go:119.3,119.52 1 1
github.com/titlis/operator/internal/slo/service.go:120.8,122.3 1 1
github.com/titlis/operator/internal/slo/service.go:124.2,128.8 1 1
github.com/titlis/operator/internal/slo/service.go:131.110,133.40 1 1
github.com/titlis/operator/internal/slo/service.go:133.40,136.3 2 0
github.com/titlis/operator/internal/slo/service.go:139.2,139.82 1 1
github.com/titlis/operator/internal/slo/service.go:139.82,142.3 2 1
github.com/titlis/operator/internal/slo/service.go:145.2,145.96 1 1
github.com/titlis/operator/internal/slo/service.go:145.96,147.3 1 0
github.com/titlis/operator/internal/slo/service.go:150.2,151.12 2 1
github.com/titlis/operator/internal/slo/service.go:155.46,173.23 3 1
github.com/titlis/operator/internal/slo/service.go:173.23,175.3 1 1
github.com/titlis/operator/internal/slo/service.go:176.2,176.25 1 1
github.com/titlis/operator/internal/slo/service.go:176.25,178.3 1 0
github.com/titlis/operator/internal/slo/service.go:180.2,181.22 2 1
github.com/titlis/operator/internal/slo/service.go:181.22,183.3 1 1
github.com/titlis/operator/internal/slo/service.go:184.2,186.12 2 1
github.com/titlis/operator/internal/slo/service.go:189.87,190.32 1 0
github.com/titlis/operator/internal/slo/service.go:190.32,191.37 1 0
github.com/titlis/operator/internal/slo/service.go:191.37,193.4 1 0
github.com/titlis/operator/internal/slo/service.go:195.2,195.60 1 0
github.com/titlis/operator/internal/slo/service.go:195.60,197.3 1 0
github.com/titlis/operator/internal/slo/service.go:198.2,198.21 1 0
github.com/titlis/operator/internal/slo/service.go:201.31,201.44 1 1
github.com/titlis/operator/internal/servicedef/github.go:12.110,14.16 2 0
github.com/titlis/operator/internal/servicedef/github.go:14.16,16.3 1 0
github.com/titlis/operator/internal/servicedef/github.go:18.2,20.16 3 0
github.com/titlis/operator/internal/servicedef/github.go:20.16,22.3 1 0
github.com/titlis/operator/internal/servicedef/github.go:23.2,28.16 5 0
github.com/titlis/operator/internal/servicedef/github.go:28.16,30.3 1 0
github.com/titlis/operator/internal/servicedef/github.go:31.2,33.44 2 0
github.com/titlis/operator/internal/servicedef/github.go:33.44,35.3 1 0
github.com/titlis/operator/internal/servicedef/github.go:36.2,36.38 1 0
github.com/titlis/operator/internal/servicedef/github.go:36.38,38.3 1 0
github.com/titlis/operator/internal/servicedef/github.go:40.2,41.16 2 0
github.com/titlis/operator/internal/servicedef/github.go:41.16,43.3 1 0
github.com/titlis/operator/internal/servicedef/github.go:44.2,44.26 1 0
github.com/titlis/operator/internal/servicedef/github.go:47.70,52.57 5 0
github.com/titlis/operator/internal/servicedef/github.go:52.57,54.3 1 0
github.com/titlis/operator/internal/servicedef/github.go:55.2,55.60 1 0
github.com/titlis/operator/internal/servicedef/syncer.go:57.84,63.2 1 0
github.com/titlis/operator/internal/servicedef/syncer.go:65.74,66.19 1 0
github.com/titlis/operator/internal/servicedef/syncer.go:66.19,68.3 1 0
github.com/titlis/operator/internal/servicedef/syncer.go:70.2,73.16 3 0
github.com/titlis/operator/internal/servicedef/syncer.go:73.16,76.3 2 0
github.com/titlis/operator/internal/servicedef/syncer.go:77.2,77.17 1 0
github.com/titlis/operator/internal/servicedef/syncer.go:77.17,80.3 2 0
github.com/titlis/operator/internal/servicedef/syncer.go:82.2,83.16 2 0
github.com/titlis/operator/internal/servicedef/syncer.go:83.16,86.3 2 0
github.com/titlis/operator/internal/servicedef/syncer.go:87.2,87.19 1 0
github.com/titlis/operator/internal/servicedef/syncer.go:87.19,90.3 2 0
github.com/titlis/operator/internal/servicedef/syncer.go:92.2,93.16 2 0
github.com/titlis/operator/internal/servicedef/syncer.go:93.16,96.3 2 0
github.com/titlis/operator/internal/servicedef/syncer.go:97.2,97.25 1 0
github.com/titlis/operator/internal/servicedef/syncer.go:97.25,100.3 2 0
github.com/titlis/operator/internal/servicedef/syncer.go:102.2,103.23 2 0
github.com/titlis/operator/internal/servicedef/syncer.go:103.23,105.3 1 0
github.com/titlis/operator/internal/servicedef/syncer.go:107.2,108.25 2 0
github.com/titlis/operator/internal/servicedef/syncer.go:108.25,110.3 1 0
github.com/titlis/operator/internal/servicedef/syncer.go:112.2,122.89 2 0
github.com/titlis/operator/internal/servicedef/syncer.go:125.57,127.58 2 0
github.com/titlis/operator/internal/servicedef/syncer.go:127.58,129.3 1 0
github.com/titlis/operator/internal/servicedef/syncer.go:130.2,130.18 1 0
github.com/titlis/operator/internal/titlisapi/client.go:26.40,34.2 2 1
github.com/titlis/operator/internal/titlisapi/client.go:37.76,44.2 1 1
github.com/titlis/operator/internal/titlisapi/client.go:147.91,149.2 1 1
github.com/titlis/operator/internal/titlisapi/client.go:153.66,157.16 3 1
github.com/titlis/operator/internal/titlisapi/client.go:157.16,160.3 2 0
github.com/titlis/operator/internal/titlisapi/client.go:162.2,167.16 4 1
github.com/titlis/operator/internal/titlisapi/client.go:167.16,169.3 1 0
github.com/titlis/operator/internal/titlisapi/client.go:170.2,174.16 4 1
github.com/titlis/operator/internal/titlisapi/client.go:174.16,177.3 2 0
github.com/titlis/operator/internal/titlisapi/client.go:178.2,181.44 3 1
github.com/titlis/operator/internal/titlisapi/client.go:181.44,183.3 1 0
github.com/titlis/operator/internal/titlisapi/client.go:183.8,185.3 1 1
github.com/titlis/operator/internal/titlisapi/client.go:188.87,190.2 1 1
github.com/titlis/operator/internal/titlisapi/client.go:192.81,194.2 1 1
github.com/titlis/operator/internal/titlisapi/client.go:196.85,198.2 1 1
github.com/titlis/operator/internal/titlisapi/client.go:200.85,202.2 1 1
github.com/titlis/operator/internal/titlisapi/client.go:204.101,206.2 1 1
github.com/titlis/operator/internal/titlisapi/client.go:219.101,221.2 1 1
github.com/titlis/operator/internal/titlisapi/client.go:229.70,232.16 3 1
github.com/titlis/operator/internal/titlisapi/client.go:232.16,234.3 1 0
github.com/titlis/operator/internal/titlisapi/client.go:235.2,238.16 3 1
github.com/titlis/operator/internal/titlisapi/client.go:238.16,240.3 1 0
github.com/titlis/operator/internal/titlisapi/client.go:241.2,243.38 2 1
github.com/titlis/operator/internal/titlisapi/client.go:243.38,245.3 1 1
github.com/titlis/operator/internal/titlisapi/client.go:247.2,248.64 2 1
github.com/titlis/operator/internal/titlisapi/client.go:248.64,250.3 1 0
github.com/titlis/operator/internal/titlisapi/client.go:251.2,251.29 1 1
github.com/titlis/operator/internal/titlisapi/client.go:254.88,257.16 3 1
github.com/titlis/operator/internal/titlisapi/client.go:257.16,259.3 1 0
github.com/titlis/operator/internal/titlisapi/client.go:260.2,263.16 3 1
github.com/titlis/operator/internal/titlisapi/client.go:263.16,265.3 1 0
github.com/titlis/operator/internal/titlisapi/client.go:266.2,268.44 2 1
github.com/titlis/operator/internal/titlisapi/client.go:268.44,270.3 1 1
github.com/titlis/operator/internal/titlisapi/client.go:271.2,271.28 1 1
github.com/titlis/operator/internal/titlisapi/client.go:271.28,273.3 1 1
github.com/titlis/operator/internal/titlisapi/client.go:275.2,276.68 2 1
github.com/titlis/operator/internal/titlisapi/client.go:276.68,278.3 1 0
github.com/titlis/operator/internal/titlisapi/client.go:279.2,279.21 1 1
github.com/titlis/operator/internal/titlisapi/client.go:282.86,284.2 1 1
github.com/titlis/operator/internal/titlisapi/client.go:286.93,288.2 1 1
github.com/titlis/operator/internal/titlisapi/client.go:292.72,303.16 4 1
github.com/titlis/operator/internal/titlisapi/client.go:303.16,306.3 2 0
github.com/titlis/operator/internal/titlisapi/client.go:308.2,313.16 4 1
github.com/titlis/operator/internal/titlisapi/client.go:313.16,315.3 1 0
github.com/titlis/operator/internal/titlisapi/client.go:316.2,322.16 5 1
github.com/titlis/operator/internal/titlisapi/client.go:322.16,325.3 2 0
github.com/titlis/operator/internal/titlisapi/client.go:326.2,329.28 3 1
github.com/titlis/operator/internal/titlisapi/client.go:329.28,333.3 2 0
github.com/titlis/operator/internal/titlisapi/client.go:334.2,334.107 1 1
github.com/titlis/operator/internal/titlisapi/client.go:337.92,341.17 3 1
github.com/titlis/operator/internal/titlisapi/client.go:341.17,343.17 2 1
github.com/titlis/operator/internal/titlisapi/client.go:343.17,345.4 1 0
github.com/titlis/operator/internal/titlisapi/client.go:346.3,346.34 1 1
github.com/titlis/operator/internal/titlisapi/client.go:349.2,350.16 2 1
github.com/titlis/operator/internal/titlisapi/client.go:350.16,352.3 1 0
github.com/titlis/operator/internal/titlisapi/client.go:353.2,357.16 4 1
github.com/titlis/operator/internal/titlisapi/client.go:357.16,359.3 1 0
github.com/titlis/operator/internal/titlisapi/client.go:360.2,363.28 3 1
github.com/titlis/operator/internal/titlisapi/client.go:363.28,365.3 1 0
github.com/titlis/operator/internal/titlisapi/client.go:366.2,366.12 1 1
github.com/titlis/operator/internal/titlisapi/client.go:371.49,373.16 2 1
github.com/titlis/operator/internal/titlisapi/client.go:374.40,375.14 1 1
github.com/titlis/operator/internal/titlisapi/client.go:376.62,377.20 1 1
github.com/titlis/operator/internal/titlisapi/client.go:378.10,379.13 1 1
github.com/titlis/operator/internal/titlisapi/client.go:381.2,381.13 1 1
github.com/titlis/operator/internal/titlisapi/client.go:384.48,385.17 1 1
github.com/titlis/operator/internal/titlisapi/client.go:385.17,387.3 1 1
github.com/titlis/operator/internal/titlisapi/client.go:388.2,388.24 1 1
github.com/titlis/operator/internal/titlisapi/client.go:391.73,393.32 2 1
github.com/titlis/operator/internal/titlisapi/client.go:393.32,394.80 1 1
github.com/titlis/operator/internal/titlisapi/client.go:394.80,396.4 1 1
github.com/titlis/operator/internal/titlisapi/client.go:398.2,398.12 1 1
github.com/titlis/operator/internal/titlisapi/client.go:401.83,419.42 2 1
github.com/titlis/operator/internal/titlisapi/client.go:419.42,427.42 2 1
github.com/titlis/operator/internal/titlisapi/client.go:427.42,441.4 1 1
github.com/titlis/operator/internal/titlisapi/client.go:443.2,443.10 1 1
github.com/titlis/operator/internal/scorecard/config.go:23.52,26.16 3 1
github.com/titlis/operator/internal/scorecard/config.go:26.16,28.3 1 1
github.com/titlis/operator/internal/scorecard/config.go:29.2,30.51 2 1
github.com/titlis/operator/internal/scorecard/config.go:30.51,32.3 1 0
github.com/titlis/operator/internal/scorecard/config.go:33.2,33.37 1 1
github.com/titlis/operator/internal/scorecard/config.go:33.37,35.3 1 1
github.com/titlis/operator/internal/scorecard/config.go:36.2,36.12 1 1
github.com/titlis/operator/internal/scorecard/config.go:44.69,46.18 2 1
github.com/titlis/operator/internal/scorecard/config.go:46.18,48.3 1 0
github.com/titlis/operator/internal/scorecard/config.go:49.2,49.41 1 1
github.com/titlis/operator/internal/scorecard/config.go:52.54,53.33 1 1
github.com/titlis/operator/internal/scorecard/config.go:53.33,54.14 1 1
github.com/titlis/operator/internal/scorecard/config.go:54.14,56.4 1 1
github.com/titlis/operator/internal/scorecard/config.go:58.2,58.14 1 1
github.com/titlis/operator/internal/scorecard/config.go:61.57,63.2 1 1
github.com/titlis/operator/internal/scorecard/extractor.go:14.118,16.2 1 0
github.com/titlis/operator/internal/scorecard/extractor.go:19.79,21.2 1 0
github.com/titlis/operator/internal/scorecard/extractor.go:23.116,25.69 2 0
github.com/titlis/operator/internal/scorecard/extractor.go:25.69,27.3 1 0
github.com/titlis/operator/internal/scorecard/extractor.go:28.2,28.31 1 0
github.com/titlis/operator/internal/scorecard/extractor.go:28.31,30.57 2 0
github.com/titlis/operator/internal/scorecard/extractor.go:30.57,32.4 1 0
github.com/titlis/operator/internal/scorecard/extractor.go:34.2,34.12 1 0
github.com/titlis/operator/internal/scorecard/extractor.go:40.63,41.61 1 1
github.com/titlis/operator/internal/scorecard/extractor.go:41.61,43.3 1 1
github.com/titlis/operator/internal/scorecard/extractor.go:44.2,44.48 1 1
github.com/titlis/operator/internal/scorecard/extractor.go:47.82,51.17 2 0
github.com/titlis/operator/internal/scorecard/extractor.go:51.17,53.3 1 0
github.com/titlis/operator/internal/scorecard/extractor.go:54.2,54.28 1 0
github.com/titlis/operator/internal/scorecard/extractor.go:63.20,83.59 4 1
github.com/titlis/operator/internal/scorecard/extractor.go:83.59,85.3 1 1
github.com/titlis/operator/internal/scorecard/extractor.go:85.8,87.3 1 1
github.com/titlis/operator/internal/scorecard/extractor.go:89.2,89.33 1 1
github.com/titlis/operator/internal/scorecard/extractor.go:89.33,91.3 1 1
github.com/titlis/operator/internal/scorecard/extractor.go:91.8,93.3 1 0
github.com/titlis/operator/internal/scorecard/extractor.go:94.2,95.68 2 1
github.com/titlis/operator/internal/scorecard/extractor.go:95.68,97.3 1 0
github.com/titlis/operator/internal/scorecard/extractor.go:99.2,99.51 1 1
github.com/titlis/operator/internal/scorecard/extractor.go:99.51,107.45 8 1
github.com/titlis/operator/internal/scorecard/extractor.go:107.45,109.15 2 1
github.com/titlis/operator/internal/scorecard/extractor.go:109.15,111.5 1 1
github.com/titlis/operator/internal/scorecard/extractor.go:113.3,116.17 3 1
github.com/titlis/operator/internal/scorecard/extractor.go:116.17,117.41 1 0
github.com/titlis/operator/internal/scorecard/extractor.go:117.41,119.5 1 0
github.com/titlis/operator/internal/scorecard/extractor.go:120.4,120.31 1 0
github.com/titlis/operator/internal/scorecard/extractor.go:120.31,122.5 1 0
github.com/titlis/operator/internal/scorecard/extractor.go:124.4,125.31 2 0
github.com/titlis/operator/internal/scorecard/extractor.go:125.31,127.5 1 0
github.com/titlis/operator/internal/scorecard/extractor.go:128.9,130.4 1 1
github.com/titlis/operator/internal/scorecard/extractor.go:133.2,136.16 3 1
github.com/titlis/operator/internal/scorecard/extractor.go:136.16,139.34 3 0
github.com/titlis/operator/internal/scorecard/extractor.go:139.34,141.4 1 0
github.com/titlis/operator/internal/scorecard/extractor.go:141.9,143.4 1 0
github.com/titlis/operator/internal/scorecard/extractor.go:144.3,144.38 1 0
github.com/titlis/operator/internal/scorecard/extractor.go:144.38,148.49 1 0
github.com/titlis/operator/internal/scorecard/extractor.go:148.49,150.10 2 0
github.com/titlis/operator/internal/scorecard/extractor.go:153.3,153.31 1 0
github.com/titlis/operator/internal/scorecard/extractor.go:153.31,155.65 1 0
github.com/titlis/operator/internal/scorecard/extractor.go:155.65,157.5 1 0
github.com/titlis/operator/internal/scorecard/extractor.go:158.4,159.67 1 0
github.com/titlis/operator/internal/scorecard/extractor.go:159.67,161.5 1 0
github.com/titlis/operator/internal/scorecard/extractor.go:162.4,164.50 3 0
github.com/titlis/operator/internal/scorecard/extractor.go:168.2,168.13 1 1
github.com/titlis/operator/internal/servicedef/github.go:12.110,14.16 2 0
github.com/titlis/operator/internal/servicedef/github.go:14.16,16.3 1 0
github.com/titlis/operator/internal/servicedef/github.go:18.2,20.16 3 0
github.com/titlis/operator/internal/servicedef/github.go:20.16,22.3 1 0
github.com/titlis/operator/internal/servicedef/github.go:23.2,28.16 5 0
github.com/titlis/operator/internal/servicedef/github.go:28.16,30.3 1 0
github.com/titlis/operator/internal/servicedef/github.go:31.2,33.44 2 0
github.com/titlis/operator/internal/servicedef/github.go:33.44,35.3 1 0
github.com/titlis/operator/internal/servicedef/github.go:36.2,36.38 1 0
github.com/titlis/operator/internal/servicedef/github.go:36.38,38.3 1 0
github.com/titlis/operator/internal/servicedef/github.go:40.2,41.16 2 0
github.com/titlis/operator/internal/servicedef/github.go:41.16,43.3 1 0
github.com/titlis/operator/internal/servicedef/github.go:44.2,44.26 1 0
github.com/titlis/operator/internal/servicedef/github.go:47.70,52.57 5 0
github.com/titlis/operator/internal/servicedef/github.go:52.57,54.3 1 0
github.com/titlis/operator/internal/servicedef/github.go:55.2,55.60 1 0
github.com/titlis/operator/internal/servicedef/syncer.go:57.84,63.2 1 0
github.com/titlis/operator/internal/servicedef/syncer.go:65.74,66.19 1 0
github.com/titlis/operator/internal/servicedef/syncer.go:66.19,68.3 1 0
github.com/titlis/operator/internal/servicedef/syncer.go:70.2,73.16 3 0
github.com/titlis/operator/internal/servicedef/syncer.go:73.16,76.3 2 0
github.com/titlis/operator/internal/servicedef/syncer.go:77.2,77.17 1 0
github.com/titlis/operator/internal/servicedef/syncer.go:77.17,80.3 2 0
github.com/titlis/operator/internal/servicedef/syncer.go:82.2,83.16 2 0
github.com/titlis/operator/internal/servicedef/syncer.go:83.16,86.3 2 0
github.com/titlis/operator/internal/servicedef/syncer.go:87.2,87.19 1 0
github.com/titlis/operator/internal/servicedef/syncer.go:87.19,90.3 2 0
github.com/titlis/operator/internal/servicedef/syncer.go:92.2,93.16 2 0
github.com/titlis/operator/internal/servicedef/syncer.go:93.16,96.3 2 0
github.com/titlis/operator/internal/servicedef/syncer.go:97.2,97.25 1 0
github.com/titlis/operator/internal/servicedef/syncer.go:97.25,100.3 2 0
github.com/titlis/operator/internal/servicedef/syncer.go:102.2,103.23 2 0
github.com/titlis/operator/internal/servicedef/syncer.go:103.23,105.3 1 0
github.com/titlis/operator/internal/servicedef/syncer.go:107.2,108.25 2 0
github.com/titlis/operator/internal/servicedef/syncer.go:108.25,110.3 1 0
github.com/titlis/operator/internal/servicedef/syncer.go:112.2,122.89 2 0
github.com/titlis/operator/internal/servicedef/syncer.go:125.57,127.58 2 0
github.com/titlis/operator/internal/servicedef/syncer.go:127.58,129.3 1 0
github.com/titlis/operator/internal/servicedef/syncer.go:130.2,130.18 1 0
github.com/titlis/operator/internal/servicedef/github.go:12.110,14.16 2 1
github.com/titlis/operator/internal/servicedef/github.go:14.16,16.3 1 0
github.com/titlis/operator/internal/servicedef/github.go:18.2,20.16 3 1
github.com/titlis/operator/internal/servicedef/github.go:20.16,22.3 1 0
github.com/titlis/operator/internal/servicedef/github.go:23.2,28.16 5 1
github.com/titlis/operator/internal/servicedef/github.go:28.16,30.3 1 0
github.com/titlis/operator/internal/servicedef/github.go:31.2,33.44 2 1
github.com/titlis/operator/internal/servicedef/github.go:33.44,35.3 1 1
github.com/titlis/operator/internal/servicedef/github.go:36.2,36.38 1 1
github.com/titlis/operator/internal/servicedef/github.go:36.38,38.3 1 0
github.com/titlis/operator/internal/servicedef/github.go:40.2,41.16 2 1
github.com/titlis/operator/internal/servicedef/github.go:41.16,43.3 1 0
github.com/titlis/operator/internal/servicedef/github.go:44.2,44.26 1 1
github.com/titlis/operator/internal/servicedef/github.go:47.70,52.57 5 1
github.com/titlis/operator/internal/servicedef/github.go:52.57,54.3 1 1
github.com/titlis/operator/internal/servicedef/github.go:55.2,55.60 1 1
github.com/titlis/operator/internal/servicedef/syncer.go:57.84,63.2 1 1
github.com/titlis/operator/internal/servicedef/syncer.go:65.74,66.19 1 1
github.com/titlis/operator/internal/servicedef/syncer.go:66.19,68.3 1 1
github.com/titlis/operator/internal/servicedef/syncer.go:70.2,73.16 3 1
github.com/titlis/operator/internal/servicedef/syncer.go:73.16,76.3 2 1
github.com/titlis/operator/internal/servicedef/syncer.go:77.2,77.17 1 1
github.com/titlis/operator/internal/servicedef/syncer.go:77.17,80.3 2 1
github.com/titlis/operator/internal/servicedef/syncer.go:82.2,83.16 2 1
github.com/titlis/operator/internal/servicedef/syncer.go:83.16,86.3 2 0
github.com/titlis/operator/internal/servicedef/syncer.go:87.2,87.19 1 1
github.com/titlis/operator/internal/servicedef/syncer.go:87.19,90.3 2 1
github.com/titlis/operator/internal/servicedef/syncer.go:92.2,93.16 2 1
github.com/titlis/operator/internal/servicedef/syncer.go:93.16,96.3 2 0
github.com/titlis/operator/internal/servicedef/syncer.go:97.2,97.25 1 1
github.com/titlis/operator/internal/servicedef/syncer.go:97.25,100.3 2 1
github.com/titlis/operator/internal/servicedef/syncer.go:102.2,103.23 2 1
github.com/titlis/operator/internal/servicedef/syncer.go:103.23,105.3 1 1
github.com/titlis/operator/internal/servicedef/syncer.go:107.2,108.25 2 1
github.com/titlis/operator/internal/servicedef/syncer.go:108.25,110.3 1 1
github.com/titlis/operator/internal/servicedef/syncer.go:112.2,122.89 2 1
github.com/titlis/operator/internal/servicedef/syncer.go:125.57,127.58 2 1
github.com/titlis/operator/internal/servicedef/syncer.go:127.58,129.3 1 1
github.com/titlis/operator/internal/servicedef/syncer.go:130.2,130.18 1 1
